[debug] [2018-07-18T05:27:36.854Z] ----------------------------------------------------------------------
[debug] [2018-07-18T05:27:36.858Z] Command:       C:\Program Files\nodejs\node.exe C:\Users\one\AppData\Roaming\npm\node_modules\firebase-tools\bin\firebase deploy
[debug] [2018-07-18T05:27:36.858Z] CLI Version:   3.19.3
[debug] [2018-07-18T05:27:36.858Z] Platform:      win32
[debug] [2018-07-18T05:27:36.859Z] Node Version:  v8.9.4
[debug] [2018-07-18T05:27:36.862Z] Time:          Wed Jul 18 2018 15:27:36 GMT+1000 (AUS Eastern Standard Time)
[debug] [2018-07-18T05:27:36.862Z] ----------------------------------------------------------------------
[debug] 
[debug] [2018-07-18T05:27:36.883Z] > command requires scopes: ["email","openid","https://www.googleapis.com/auth/cloudplatformprojects.readonly","https://www.googleapis.com/auth/firebase","https://www.googleapis.com/auth/cloud-platform"]
[debug] [2018-07-18T05:27:36.884Z] > authorizing via signed-in user
[debug] [2018-07-18T05:27:36.890Z] >>> HTTP REQUEST GET https://admin.firebase.com/v1/projects/onmifood  
  
 Wed Jul 18 2018 15:27:36 GMT+1000 (AUS Eastern Standard Time)
[debug] [2018-07-18T05:27:38.422Z] <<< HTTP RESPONSE 200
[debug] [2018-07-18T05:27:38.424Z] >>> HTTP REQUEST GET https://admin.firebase.com/v1/database/onmifood/tokens  
  
 Wed Jul 18 2018 15:27:38 GMT+1000 (AUS Eastern Standard Time)
[debug] [2018-07-18T05:27:39.413Z] <<< HTTP RESPONSE 200
[info] 
[info] === Deploying to 'onmifood'...
[info] 
[info] i  deploying hosting
[info] i  hosting: preparing / directory for upload...
[debug] [2018-07-18T05:27:43.302Z] >>> HTTP REQUEST PUT https://deploy.firebase.com/v1/hosting/onmifood/uploads/-LHfqsfwNuu9Q3z4Bkk0?fileCount=162&message=  
  
 Wed Jul 18 2018 15:27:43 GMT+1000 (AUS Eastern Standard Time)
